# JRE version: Java(TM) SE Runtime Environment (10.0.2+13) (build 10.0.2+13)
# Java VM: Java HotSpot(TM) 64-Bit Server VM (10.0.2+13, mixed mode, tiered, compressed oops, g1 gc, windows-amd64)
Heap:
 garbage-first heap   total 38912K, used 9860K [0x00000000c1a00000, 0x0000000100000000)
  region size 1024K, 3 young (3072K), 1 survivors (1024K)
 Metaspace       used 14655K, capacity 14998K, committed 15232K, reserved 1062912K
  class space    used 1511K, capacity 1633K, committed 1664K, reserved 1048576K
GC Heap History (10 events):
Event: 1.247 GC heap before
{Heap before GC invocations=12 (full 0):
 garbage-first heap   total 13312K, used 7221K [0x00000000c1a00000, 0x0000000100000000)
  region size 1024K, 3 young (3072K), 1 survivors (1024K)
 Metaspace       used 13754K, capacity 14023K, committed 14336K, reserved 1062912K
  class space    used 1415K, capacity 1523K, committed 1536K, reserved 1048576K
}
Event: 1.254 GC heap after
{Heap after GC invocations=13 (full 0):
 garbage-first heap   total 19456K, used 5481K [0x00000000c1a00000, 0x0000000100000000)
  region size 1024K, 1 young (1024K), 1 survivors (1024K)
 Metaspace       used 13754K, capacity 14023K, committed 14336K, reserved 1062912K
  class space    used 1415K, capacity 1523K, committed 1536K, reserved 1048576K
}
Event: 1.298 GC heap before
{Heap before GC invocations=13 (full 0):
 garbage-first heap   total 19456K, used 9577K [0x00000000c1a00000, 0x0000000100000000)
  region size 1024K, 5 young (5120K), 1 survivors (1024K)
 Metaspace       used 13792K, capacity 14032K, committed 14336K, reserved 1062912K
  class space    used 1419K, capacity 1526K, committed 1536K, reserved 1048576K
}
Event: 1.303 GC heap after
{Heap after GC invocations=14 (full 0):
 garbage-first heap   total 19456K, used 6166K [0x00000000c1a00000, 0x0000000100000000)
  region size 1024K, 1 young (1024K), 1 survivors (1024K)
 Metaspace       used 13792K, capacity 14032K, committed 14336K, reserved 1062912K
  class space    used 1419K, capacity 1526K, committed 1536K, reserved 1048576K
}
Event: 1.327 GC heap before
{Heap before GC invocations=14 (full 0):
 garbage-first heap   total 19456K, used 10262K [0x00000000c1a00000, 0x0000000100000000)
  region size 1024K, 5 young (5120K), 1 survivors (1024K)
 Metaspace       used 13794K, capacity 14032K, committed 14336K, reserved 1062912K
  class space    used 1419K, capacity 1526K, committed 1536K, reserved 1048576K
}
Event: 1.332 GC heap after
{Heap after GC invocations=15 (full 0):
 garbage-first heap   total 19456K, used 6882K [0x00000000c1a00000, 0x0000000100000000)
  region size 1024K, 1 young (1024K), 1 survivors (1024K)
 Metaspace       used 13794K, capacity 14032K, committed 14336K, reserved 1062912K
  class space    used 1419K, capacity 1526K, committed 1536K, reserved 1048576K
}
Event: 1.623 GC heap before
{Heap before GC invocations=15 (full 0):
 garbage-first heap   total 19456K, used 10978K [0x00000000c1a00000, 0x0000000100000000)
  region size 1024K, 5 young (5120K), 1 survivors (1024K)
 Metaspace       used 14375K, capacity 14646K, committed 14976K, reserved 1062912K
  class space    used 1475K, capacity 1581K, committed 1664K, reserved 1048576K
}
Event: 1.629 GC heap after
{Heap after GC invocations=16 (full 0):
 garbage-first heap   total 19456K, used 7803K [0x00000000c1a00000, 0x0000000100000000)
  region size 1024K, 1 young (1024K), 1 survivors (1024K)
 Metaspace       used 14375K, capacity 14646K, committed 14976K, reserved 1062912K
  class space    used 1475K, capacity 1581K, committed 1664K, reserved 1048576K
}
Event: 1.688 GC heap before
{Heap before GC invocations=16 (full 0):
 garbage-first heap   total 19456K, used 11899K [0x00000000c1a00000, 0x0000000100000000)
  region size 1024K, 5 young (5120K), 1 survivors (1024K)
 Metaspace       used 14431K, capacity 14744K, committed 14976K, reserved 1062912K
  class space    used 1477K, capacity 1613K, committed 1664K, reserved 1048576K
}
Event: 1.694 GC heap after
{Heap after GC invocations=17 (full 0):
 garbage-first heap   total 38912K, used 8836K [0x00000000c1a00000, 0x0000000100000000)
  region size 1024K, 1 young (1024K), 1 survivors (1024K)
 Metaspace       used 14431K, capacity 14744K, committed 14976K, reserved 1062912K
  class space    used 1477K, capacity 1613K, committed 1664K, reserved 1048576K
}

